C:\Users\micro\Desktop\新建文件夹\CrackShudu\CrackShudu\Release\cl.command.1.tlog
C:\Users\micro\Desktop\新建文件夹\CrackShudu\CrackShudu\Release\CL.read.1.tlog
C:\Users\micro\Desktop\新建文件夹\CrackShudu\CrackShudu\Release\CL.write.1.tlog
C:\USERS\MICRO\DESKTOP\新建文件夹\CRACKSHUDU\CRACKSHUDU\RELEASE\CRACKSHUDU.EXE.INTERMEDIATE.MANIFEST
C:\USERS\MICRO\DESKTOP\新建文件夹\CRACKSHUDU\CRACKSHUDU\RELEASE\CRACKSHUDU.OBJ
C:\USERS\MICRO\DESKTOP\新建文件夹\CRACKSHUDU\CRACKSHUDU\RELEASE\CRACKSHUDU.PCH
C:\USERS\MICRO\DESKTOP\新建文件夹\CRACKSHUDU\CRACKSHUDU\RELEASE\CRACKSHUDU.RES
C:\Users\micro\Desktop\新建文件夹\CrackShudu\CrackShudu\Release\CrackShudu.write.1.tlog
C:\USERS\MICRO\DESKTOP\新建文件夹\CRACKSHUDU\CRACKSHUDU\RELEASE\CRACKSHUDUDLG.OBJ
C:\Users\micro\Desktop\新建文件夹\CrackShudu\CrackShudu\Release\link.command.1.tlog
C:\Users\micro\Desktop\新建文件夹\CrackShudu\CrackShudu\Release\link.read.1.tlog
C:\Users\micro\Desktop\新建文件夹\CrackShudu\CrackShudu\Release\link.write.1.tlog
C:\Users\micro\Desktop\新建文件夹\CrackShudu\CrackShudu\Release\link-cvtres.read.1.tlog
C:\Users\micro\Desktop\新建文件夹\CrackShudu\CrackShudu\Release\link-cvtres.write.1.tlog
C:\Users\micro\Desktop\新建文件夹\CrackShudu\CrackShudu\Release\mt.command.1.tlog
C:\Users\micro\Desktop\新建文件夹\CrackShudu\CrackShudu\Release\mt.read.1.tlog
C:\Users\micro\Desktop\新建文件夹\CrackShudu\CrackShudu\Release\mt.write.1.tlog
C:\Users\micro\Desktop\新建文件夹\CrackShudu\CrackShudu\Release\rc.command.1.tlog
C:\Users\micro\Desktop\新建文件夹\CrackShudu\CrackShudu\Release\rc.read.1.tlog
C:\Users\micro\Desktop\新建文件夹\CrackShudu\CrackShudu\Release\rc.write.1.tlog
C:\USERS\MICRO\DESKTOP\新建文件夹\CRACKSHUDU\CRACKSHUDU\RELEASE\STDAFX.OBJ
C:\USERS\MICRO\DESKTOP\新建文件夹\CRACKSHUDU\CRACKSHUDU\RELEASE\VC100.PDB
C:\USERS\MICRO\DESKTOP\新建文件夹\CRACKSHUDU\RELEASE\CRACKSHUDU.EXE
C:\USERS\MICRO\DESKTOP\新建文件夹\CRACKSHUDU\RELEASE\CRACKSHUDU.PDB
